🔄 Reading homework_04/data/combined.txt...
✅ Successfully read all data
🔄 Writing result to output.txt...
 1000 2.50162 0 0
 2000 5.00323 0 0
 3000 7.50485 0 0
 4000 10.0065 0 0
 5000 12.5081 0 0
 6000 15.0097 0 0
 7000 17.5113 0 0
 8000 20.0129 0 0
 9000 22.5145 0 0
 10000 25.0162 0 0
 11000 27.5178 0 0
 12000 30.0194 0 0
 13000 32.521 0 0
 14000 35.0226 0 0
 15000 37.5242 0 0
 16000 40.0259 0 0
 17000 42.5275 0 0
 18000 45.0291 0 0
 19000 47.5307 0 0
 20000 50.0323 0 0
 21000 50.5317 0.0197741 0.0791534
 22000 51.028 0.0789727 0.158307
 23000 51.518 0.177225 0.23746
 24000 51.9987 0.313916 0.316614
 25000 52.4671 0.488189 0.395767
 26000 52.9202 0.698953 0.47492
 27000 53.3553 0.944889 0.554074
 28000 53.7696 1.22446 0.633227
 29000 54.1604 1.5359 0.712381
 30000 54.5254 1.87728 0.791534
 31000 54.8623 2.24645 0.870688
 32000 55.1689 2.64111 0.949841
 33000 55.4434 3.05877 1.02899
 34000 55.684 3.49682 1.10815
 35000 55.8892 3.95253 1.1873
 36000 56.0577 4.42304 1.26645
 37000 56.1885 4.90539 1.34561
 38000 56.2807 5.39658 1.42476
 39000 56.3338 5.89352 1.50391
 40000 56.3474 6.3931 1.58307
✅ Successfully wrote result to file
